<?xml version="1.0" encoding="UTF-8"?>
<!-- Generated by org.testng.reporters.JUnitReportReporter -->
<testsuite hostname="LAPTOP-J81SHHRK" failures="0" tests="3" name="com.comcast.crm.orgtest.CreateOrganization1Test" time="34.943" errors="0" timestamp="2024-07-04T16:57:16 IST" skipped="0">
  <testcase classname="com.comcast.crm.orgtest.CreateOrganization1Test" name="createOrgWithPhoneNumber" time="10.777"/>
  <system-out/>
  <testcase classname="com.comcast.crm.orgtest.CreateOrganization1Test" name="createOrgWithIndustries" time="11.002"/>
  <system-out/>
  <testcase classname="com.comcast.crm.orgtest.CreateOrganization1Test" name="createOrgTest" time="13.164"/>
  <system-out/>
</testsuite> <!-- com.comcast.crm.orgtest.CreateOrganization1Test -->
